<?xml version="1.0" encoding="UTF-8"?>
<testsuite name="GameOfLifeTest" tests="1" skipped="0" failures="0" errors="0" timestamp="2020-04-06T11:35:58" hostname="DESKTOP-I0T8K0P" time="0.002">
  <properties/>
  <testcase name="positionsShouldBeEqualByValue" classname="GameOfLifeTest" time="0.002"/>
  <system-out><![CDATA[]]></system-out>
  <system-err><![CDATA[]]></system-err>
</testsuite>
